{
  "0 debug pnpm:scope": {
    "selected": 1,
    "workspacePrefix": "/Users/davidguijarro/Documents/__hackathon/tidy-so"
  },
  "1 info pnpm": {
    "err": {
      "name": "Error",
      "message": "not found: o",
      "code": "ENOENT",
      "stack": "Error: not found: o\n    at getNotFoundError (/Users/davidguijarro/.node/corepack/pnpm/7.1.2/dist/pnpm.cjs:41677:51)\n    at Function.whichSync [as sync] (/Users/davidguijarro/.node/corepack/pnpm/7.1.2/dist/pnpm.cjs:41754:13)\n    at getCommandAbsolutePathSync (/Users/davidguijarro/.node/corepack/pnpm/7.1.2/dist/pnpm.cjs:43319:44)\n    at default_1 (/Users/davidguijarro/.node/corepack/pnpm/7.1.2/dist/pnpm.cjs:43328:32)\n    at /Users/davidguijarro/.node/corepack/pnpm/7.1.2/dist/pnpm.cjs:172151:39"
    }
  },
  "2 error pnpm": {
    "code": "ERR_PNPM_RECURSIVE_EXEC_FIRST_FAIL",
    "prefix": "/Users/davidguijarro/Documents/__hackathon/tidy-so",
    "err": {
      "name": "pnpm",
      "message": "not found: o",
      "code": "ERR_PNPM_RECURSIVE_EXEC_FIRST_FAIL",
      "stack": "Error: not found: o\n    at getNotFoundError (/Users/davidguijarro/.node/corepack/pnpm/7.1.2/dist/pnpm.cjs:41677:51)\n    at Function.whichSync [as sync] (/Users/davidguijarro/.node/corepack/pnpm/7.1.2/dist/pnpm.cjs:41754:13)\n    at getCommandAbsolutePathSync (/Users/davidguijarro/.node/corepack/pnpm/7.1.2/dist/pnpm.cjs:43319:44)\n    at default_1 (/Users/davidguijarro/.node/corepack/pnpm/7.1.2/dist/pnpm.cjs:43328:32)\n    at /Users/davidguijarro/.node/corepack/pnpm/7.1.2/dist/pnpm.cjs:172151:39"
    }
  }
}